Build started 5/22/2013 2:57:16 PM.
     1>Project "c:\Users\kavya\documents\visual studio 2012\Projects\compiler_visual\compiler_visual\compiler_visual.vcxproj" on node 2 (Build target(s)).
     1>ClCompile:
         C:\Program Files (x86)\Microsoft Visual Studio 11.0\VC\bin\CL.exe /c /ZI /nologo /W3 /WX- /sdl- /Od /Oy- /D WIN32 /D _DEBUG /D _CONSOLE /D _UNICODE /D UNICODE /Gm /EHsc /RTC1 /MDd /GS /fp:precise /Zc:wchar_t /Zc:forScope /Yu"stdafx.h" /Fp"Debug\compiler_visual.pch" /Fo"Debug\\" /Fd"Debug\vc110.pdb" /Gd /TP /analyze- /errorReport:prompt compiler_visual.cpp
         compiler_visual.cpp
     1>c:\users\kavya\documents\visual studio 2012\projects\compiler_visual\compiler_visual\compiler_visual.cpp(2): warning C4627: '#include <conio.h>': skipped when looking for precompiled header use
                 Add directive to 'stdafx.h' or rebuild precompiled header
     1>c:\users\kavya\documents\visual studio 2012\projects\compiler_visual\compiler_visual\compiler_visual.cpp(3): warning C4627: '#include <ctype.h>': skipped when looking for precompiled header use
                 Add directive to 'stdafx.h' or rebuild precompiled header
     1>c:\users\kavya\documents\visual studio 2012\projects\compiler_visual\compiler_visual\compiler_visual.cpp(4): warning C4627: '#include <string.h>': skipped when looking for precompiled header use
                 Add directive to 'stdafx.h' or rebuild precompiled header
     1>c:\users\kavya\documents\visual studio 2012\projects\compiler_visual\compiler_visual\compiler_visual.cpp(5): warning C4627: '#include <regex>': skipped when looking for precompiled header use
                 Add directive to 'stdafx.h' or rebuild precompiled header
     1>c:\users\kavya\documents\visual studio 2012\projects\compiler_visual\compiler_visual\compiler_visual.cpp(34): error C4430: missing type specifier - int assumed. Note: C++ does not support default-int
     1>c:\users\kavya\documents\visual studio 2012\projects\compiler_visual\compiler_visual\compiler_visual.cpp(38): error C3861: 'getch': identifier not found
     1>Done Building Project "c:\Users\kavya\documents\visual studio 2012\Projects\compiler_visual\compiler_visual\compiler_visual.vcxproj" (Build target(s)) -- FAILED.

Build FAILED.

Time Elapsed 00:00:00.62
